{"/Users/luijo/Development/interviews/Nielsen/takehome/server/config.js": {"path":"/Users/luijo/Development/interviews/Nielsen/takehome/server/config.js","statementMap":{"0":{"start":{"line":1,"column":15},"end":{"line":1,"column":32}},"1":{"start":{"line":2,"column":0},"end":{"line":2,"column":16}},"2":{"start":{"line":4,"column":15},"end":{"line":13,"column":1}},"3":{"start":{"line":15,"column":0},"end":{"line":15,"column":24}}},"fnMap":{},"branchMap":{"0":{"loc":{"start":{"line":10,"column":4},"end":{"line":12,"column":31}},"type":"cond-expr","locations":[{"start":{"line":11,"column":8},"end":{"line":11,"column":30}},{"start":{"line":12,"column":8},"end":{"line":12,"column":31}}],"line":10}},"s":{"0":1,"1":1,"2":1,"3":1},"f":{},"b":{"0":[0,1]},"_coverageSchema":"43e27e138ebf9cfc5966b082cf9a028302ed4184","hash":"b42d3d089e4b09c84a431c986bd6bc4fd6f8291a"}
,"/Users/luijo/Development/interviews/Nielsen/takehome/server/server.js": {"path":"/Users/luijo/Development/interviews/Nielsen/takehome/server/server.js","statementMap":{"0":{"start":{"line":1,"column":16},"end":{"line":1,"column":34}},"1":{"start":{"line":2,"column":19},"end":{"line":2,"column":41}},"2":{"start":{"line":5,"column":17},"end":{"line":5,"column":36}},"3":{"start":{"line":8,"column":21},"end":{"line":8,"column":45}},"4":{"start":{"line":9,"column":27},"end":{"line":9,"column":59}},"5":{"start":{"line":10,"column":19},"end":{"line":10,"column":43}},"6":{"start":{"line":11,"column":22},"end":{"line":11,"column":49}},"7":{"start":{"line":12,"column":20},"end":{"line":12,"column":45}},"8":{"start":{"line":14,"column":12},"end":{"line":14,"column":21}},"9":{"start":{"line":17,"column":0},"end":{"line":17,"column":51}},"10":{"start":{"line":20,"column":0},"end":{"line":20,"column":27}},"11":{"start":{"line":23,"column":0},"end":{"line":23,"column":24}},"12":{"start":{"line":25,"column":0},"end":{"line":25,"column":45}},"13":{"start":{"line":26,"column":0},"end":{"line":26,"column":29}},"14":{"start":{"line":27,"column":0},"end":{"line":27,"column":35}},"15":{"start":{"line":28,"column":0},"end":{"line":28,"column":31}},"16":{"start":{"line":30,"column":0},"end":{"line":32,"column":2}},"17":{"start":{"line":31,"column":2},"end":{"line":31,"column":60}}},"fnMap":{"0":{"name":"(anonymous_0)","decl":{"start":{"line":30,"column":17},"end":{"line":30,"column":18}},"loc":{"start":{"line":31,"column":2},"end":{"line":31,"column":60}},"line":31}},"branchMap":{},"s":{"0":1,"1":1,"2":1,"3":1,"4":1,"5":1,"6":1,"7":1,"8":1,"9":1,"10":1,"11":1,"12":1,"13":1,"14":1,"15":1,"16":1,"17":0},"f":{"0":0},"b":{},"_coverageSchema":"43e27e138ebf9cfc5966b082cf9a028302ed4184","hash":"a3b9cd78a2c0564fa204b1e96c84d4eb6de025fd"}
,"/Users/luijo/Development/interviews/Nielsen/takehome/server/controllers/appointmentsController.js": {"path":"/Users/luijo/Development/interviews/Nielsen/takehome/server/controllers/appointmentsController.js","statementMap":{"0":{"start":{"line":1,"column":13},"end":{"line":1,"column":39}},"1":{"start":{"line":6,"column":4},"end":{"line":6,"column":40}},"2":{"start":{"line":8,"column":0},"end":{"line":122,"column":2}},"3":{"start":{"line":21,"column":8},"end":{"line":21,"column":18}},"4":{"start":{"line":22,"column":18},"end":{"line":33,"column":6}},"5":{"start":{"line":34,"column":4},"end":{"line":34,"column":23}},"6":{"start":{"line":35,"column":4},"end":{"line":42,"column":7}},"7":{"start":{"line":36,"column":6},"end":{"line":39,"column":7}},"8":{"start":{"line":37,"column":8},"end":{"line":37,"column":60}},"9":{"start":{"line":38,"column":8},"end":{"line":38,"column":43}},"10":{"start":{"line":40,"column":6},"end":{"line":40,"column":69}},"11":{"start":{"line":41,"column":6},"end":{"line":41,"column":13}},"12":{"start":{"line":46,"column":4},"end":{"line":46,"column":53}},"13":{"start":{"line":48,"column":35},"end":{"line":48,"column":45}},"14":{"start":{"line":50,"column":4},"end":{"line":51,"column":61}},"15":{"start":{"line":51,"column":6},"end":{"line":51,"column":61}},"16":{"start":{"line":53,"column":30},"end":{"line":56,"column":5}},"17":{"start":{"line":57,"column":4},"end":{"line":57,"column":31}},"18":{"start":{"line":58,"column":4},"end":{"line":64,"column":7}},"19":{"start":{"line":59,"column":6},"end":{"line":62,"column":7}},"20":{"start":{"line":60,"column":8},"end":{"line":60,"column":70}},"21":{"start":{"line":61,"column":8},"end":{"line":61,"column":43}},"22":{"start":{"line":63,"column":6},"end":{"line":63,"column":47}},"23":{"start":{"line":68,"column":4},"end":{"line":68,"column":53}},"24":{"start":{"line":80,"column":8},"end":{"line":80,"column":18}},"25":{"start":{"line":82,"column":30},"end":{"line":97,"column":5}},"26":{"start":{"line":98,"column":4},"end":{"line":98,"column":23}},"27":{"start":{"line":99,"column":4},"end":{"line":105,"column":7}},"28":{"start":{"line":100,"column":6},"end":{"line":103,"column":7}},"29":{"start":{"line":101,"column":8},"end":{"line":101,"column":70}},"30":{"start":{"line":102,"column":8},"end":{"line":102,"column":43}},"31":{"start":{"line":104,"column":6},"end":{"line":104,"column":58}},"32":{"start":{"line":109,"column":4},"end":{"line":109,"column":53}},"33":{"start":{"line":111,"column":19},"end":{"line":111,"column":28}},"34":{"start":{"line":112,"column":18},"end":{"line":112,"column":74}},"35":{"start":{"line":113,"column":4},"end":{"line":120,"column":7}},"36":{"start":{"line":114,"column":6},"end":{"line":117,"column":7}},"37":{"start":{"line":115,"column":8},"end":{"line":115,"column":70}},"38":{"start":{"line":116,"column":8},"end":{"line":116,"column":43}},"39":{"start":{"line":118,"column":6},"end":{"line":118,"column":54}},"40":{"start":{"line":119,"column":6},"end":{"line":119,"column":45}}},"fnMap":{"0":{"name":"(anonymous_0)","decl":{"start":{"line":10,"column":20},"end":{"line":10,"column":21}},"loc":{"start":{"line":10,"column":40},"end":{"line":43,"column":3}},"line":10},"1":{"name":"(anonymous_1)","decl":{"start":{"line":35,"column":22},"end":{"line":35,"column":23}},"loc":{"start":{"line":35,"column":42},"end":{"line":42,"column":5}},"line":35},"2":{"name":"(anonymous_2)","decl":{"start":{"line":45,"column":21},"end":{"line":45,"column":22}},"loc":{"start":{"line":45,"column":41},"end":{"line":65,"column":3}},"line":45},"3":{"name":"(anonymous_3)","decl":{"start":{"line":58,"column":30},"end":{"line":58,"column":31}},"loc":{"start":{"line":58,"column":49},"end":{"line":64,"column":5}},"line":58},"4":{"name":"(anonymous_4)","decl":{"start":{"line":67,"column":21},"end":{"line":67,"column":22}},"loc":{"start":{"line":67,"column":35},"end":{"line":106,"column":3}},"line":67},"5":{"name":"(anonymous_5)","decl":{"start":{"line":99,"column":30},"end":{"line":99,"column":31}},"loc":{"start":{"line":99,"column":49},"end":{"line":105,"column":5}},"line":99},"6":{"name":"(anonymous_6)","decl":{"start":{"line":108,"column":21},"end":{"line":108,"column":22}},"loc":{"start":{"line":108,"column":35},"end":{"line":121,"column":3}},"line":108},"7":{"name":"(anonymous_7)","decl":{"start":{"line":113,"column":22},"end":{"line":113,"column":23}},"loc":{"start":{"line":113,"column":43},"end":{"line":120,"column":5}},"line":113}},"branchMap":{"0":{"loc":{"start":{"line":36,"column":6},"end":{"line":39,"column":7}},"type":"if","locations":[{"start":{"line":36,"column":6},"end":{"line":39,"column":7}},{"start":{"line":36,"column":6},"end":{"line":39,"column":7}}],"line":36},"1":{"loc":{"start":{"line":40,"column":26},"end":{"line":40,"column":68}},"type":"cond-expr","locations":[{"start":{"line":40,"column":48},"end":{"line":40,"column":63}},{"start":{"line":40,"column":66},"end":{"line":40,"column":68}}],"line":40},"2":{"loc":{"start":{"line":50,"column":4},"end":{"line":51,"column":61}},"type":"if","locations":[{"start":{"line":50,"column":4},"end":{"line":51,"column":61}},{"start":{"line":50,"column":4},"end":{"line":51,"column":61}}],"line":50},"3":{"loc":{"start":{"line":50,"column":8},"end":{"line":50,"column":30}},"type":"binary-expr","locations":[{"start":{"line":50,"column":8},"end":{"line":50,"column":16}},{"start":{"line":50,"column":20},"end":{"line":50,"column":30}}],"line":50},"4":{"loc":{"start":{"line":59,"column":6},"end":{"line":62,"column":7}},"type":"if","locations":[{"start":{"line":59,"column":6},"end":{"line":62,"column":7}},{"start":{"line":59,"column":6},"end":{"line":62,"column":7}}],"line":59},"5":{"loc":{"start":{"line":100,"column":6},"end":{"line":103,"column":7}},"type":"if","locations":[{"start":{"line":100,"column":6},"end":{"line":103,"column":7}},{"start":{"line":100,"column":6},"end":{"line":103,"column":7}}],"line":100},"6":{"loc":{"start":{"line":114,"column":6},"end":{"line":117,"column":7}},"type":"if","locations":[{"start":{"line":114,"column":6},"end":{"line":117,"column":7}},{"start":{"line":114,"column":6},"end":{"line":117,"column":7}}],"line":114}},"s":{"0":1,"1":1,"2":1,"3":0,"4":0,"5":0,"6":0,"7":0,"8":0,"9":0,"10":0,"11":0,"12":0,"13":0,"14":0,"15":0,"16":0,"17":0,"18":0,"19":0,"20":0,"21":0,"22":0,"23":0,"24":0,"25":0,"26":0,"27":0,"28":0,"29":0,"30":0,"31":0,"32":0,"33":0,"34":0,"35":0,"36":0,"37":0,"38":0,"39":0,"40":0},"f":{"0":0,"1":0,"2":0,"3":0,"4":0,"5":0,"6":0,"7":0},"b":{"0":[0,0],"1":[0,0],"2":[0,0],"3":[0,0],"4":[0,0],"5":[0,0],"6":[0,0]},"_coverageSchema":"43e27e138ebf9cfc5966b082cf9a028302ed4184","hash":"43a43ab10e9ecca2dab3a2256c15b7cc43a59e05"}
,"/Users/luijo/Development/interviews/Nielsen/takehome/server/controllers/carsController.js": {"path":"/Users/luijo/Development/interviews/Nielsen/takehome/server/controllers/carsController.js","statementMap":{"0":{"start":{"line":1,"column":13},"end":{"line":1,"column":39}},"1":{"start":{"line":5,"column":4},"end":{"line":5,"column":40}},"2":{"start":{"line":7,"column":0},"end":{"line":87,"column":2}},"3":{"start":{"line":9,"column":4},"end":{"line":9,"column":44}},"4":{"start":{"line":10,"column":19},"end":{"line":10,"column":28}},"5":{"start":{"line":11,"column":18},"end":{"line":11,"column":58}},"6":{"start":{"line":12,"column":4},"end":{"line":24,"column":7}},"7":{"start":{"line":13,"column":6},"end":{"line":16,"column":7}},"8":{"start":{"line":14,"column":8},"end":{"line":14,"column":51}},"9":{"start":{"line":15,"column":8},"end":{"line":15,"column":43}},"10":{"start":{"line":17,"column":6},"end":{"line":23,"column":7}},"11":{"start":{"line":18,"column":8},"end":{"line":18,"column":26}},"12":{"start":{"line":19,"column":8},"end":{"line":19,"column":42}},"13":{"start":{"line":21,"column":8},"end":{"line":21,"column":50}},"14":{"start":{"line":22,"column":8},"end":{"line":22,"column":53}},"15":{"start":{"line":28,"column":4},"end":{"line":28,"column":45}},"16":{"start":{"line":30,"column":47},"end":{"line":30,"column":55}},"17":{"start":{"line":32,"column":30},"end":{"line":35,"column":5}},"18":{"start":{"line":36,"column":4},"end":{"line":36,"column":31}},"19":{"start":{"line":37,"column":4},"end":{"line":44,"column":7}},"20":{"start":{"line":38,"column":6},"end":{"line":41,"column":7}},"21":{"start":{"line":39,"column":8},"end":{"line":39,"column":61}},"22":{"start":{"line":40,"column":8},"end":{"line":40,"column":43}},"23":{"start":{"line":42,"column":6},"end":{"line":42,"column":24}},"24":{"start":{"line":43,"column":6},"end":{"line":43,"column":40}},"25":{"start":{"line":48,"column":4},"end":{"line":48,"column":45}},"26":{"start":{"line":49,"column":19},"end":{"line":49,"column":28}},"27":{"start":{"line":51,"column":47},"end":{"line":51,"column":55}},"28":{"start":{"line":53,"column":30},"end":{"line":62,"column":5}},"29":{"start":{"line":63,"column":4},"end":{"line":63,"column":23}},"30":{"start":{"line":64,"column":4},"end":{"line":70,"column":7}},"31":{"start":{"line":65,"column":6},"end":{"line":68,"column":7}},"32":{"start":{"line":66,"column":8},"end":{"line":66,"column":61}},"33":{"start":{"line":67,"column":8},"end":{"line":67,"column":43}},"34":{"start":{"line":69,"column":6},"end":{"line":69,"column":47}},"35":{"start":{"line":74,"column":4},"end":{"line":74,"column":45}},"36":{"start":{"line":76,"column":19},"end":{"line":76,"column":28}},"37":{"start":{"line":77,"column":18},"end":{"line":77,"column":58}},"38":{"start":{"line":78,"column":4},"end":{"line":85,"column":7}},"39":{"start":{"line":79,"column":6},"end":{"line":82,"column":7}},"40":{"start":{"line":80,"column":8},"end":{"line":80,"column":61}},"41":{"start":{"line":81,"column":8},"end":{"line":81,"column":43}},"42":{"start":{"line":83,"column":6},"end":{"line":83,"column":54}},"43":{"start":{"line":84,"column":6},"end":{"line":84,"column":45}}},"fnMap":{"0":{"name":"(anonymous_0)","decl":{"start":{"line":8,"column":11},"end":{"line":8,"column":12}},"loc":{"start":{"line":8,"column":25},"end":{"line":25,"column":3}},"line":8},"1":{"name":"(anonymous_1)","decl":{"start":{"line":12,"column":22},"end":{"line":12,"column":23}},"loc":{"start":{"line":12,"column":43},"end":{"line":24,"column":5}},"line":12},"2":{"name":"(anonymous_2)","decl":{"start":{"line":27,"column":13},"end":{"line":27,"column":14}},"loc":{"start":{"line":27,"column":27},"end":{"line":45,"column":3}},"line":27},"3":{"name":"(anonymous_3)","decl":{"start":{"line":37,"column":30},"end":{"line":37,"column":31}},"loc":{"start":{"line":37,"column":51},"end":{"line":44,"column":5}},"line":37},"4":{"name":"(anonymous_4)","decl":{"start":{"line":47,"column":13},"end":{"line":47,"column":14}},"loc":{"start":{"line":47,"column":27},"end":{"line":71,"column":3}},"line":47},"5":{"name":"(anonymous_5)","decl":{"start":{"line":64,"column":30},"end":{"line":64,"column":31}},"loc":{"start":{"line":64,"column":49},"end":{"line":70,"column":5}},"line":64},"6":{"name":"(anonymous_6)","decl":{"start":{"line":73,"column":13},"end":{"line":73,"column":14}},"loc":{"start":{"line":73,"column":27},"end":{"line":86,"column":3}},"line":73},"7":{"name":"(anonymous_7)","decl":{"start":{"line":78,"column":22},"end":{"line":78,"column":23}},"loc":{"start":{"line":78,"column":43},"end":{"line":85,"column":5}},"line":78}},"branchMap":{"0":{"loc":{"start":{"line":13,"column":6},"end":{"line":16,"column":7}},"type":"if","locations":[{"start":{"line":13,"column":6},"end":{"line":16,"column":7}},{"start":{"line":13,"column":6},"end":{"line":16,"column":7}}],"line":13},"1":{"loc":{"start":{"line":17,"column":6},"end":{"line":23,"column":7}},"type":"if","locations":[{"start":{"line":17,"column":6},"end":{"line":23,"column":7}},{"start":{"line":17,"column":6},"end":{"line":23,"column":7}}],"line":17},"2":{"loc":{"start":{"line":38,"column":6},"end":{"line":41,"column":7}},"type":"if","locations":[{"start":{"line":38,"column":6},"end":{"line":41,"column":7}},{"start":{"line":38,"column":6},"end":{"line":41,"column":7}}],"line":38},"3":{"loc":{"start":{"line":65,"column":6},"end":{"line":68,"column":7}},"type":"if","locations":[{"start":{"line":65,"column":6},"end":{"line":68,"column":7}},{"start":{"line":65,"column":6},"end":{"line":68,"column":7}}],"line":65},"4":{"loc":{"start":{"line":79,"column":6},"end":{"line":82,"column":7}},"type":"if","locations":[{"start":{"line":79,"column":6},"end":{"line":82,"column":7}},{"start":{"line":79,"column":6},"end":{"line":82,"column":7}}],"line":79}},"s":{"0":1,"1":1,"2":1,"3":0,"4":0,"5":0,"6":0,"7":0,"8":0,"9":0,"10":0,"11":0,"12":0,"13":0,"14":0,"15":0,"16":0,"17":0,"18":0,"19":0,"20":0,"21":0,"22":0,"23":0,"24":0,"25":0,"26":0,"27":0,"28":0,"29":0,"30":0,"31":0,"32":0,"33":0,"34":0,"35":0,"36":0,"37":0,"38":0,"39":0,"40":0,"41":0,"42":0,"43":0},"f":{"0":0,"1":0,"2":0,"3":0,"4":0,"5":0,"6":0,"7":0},"b":{"0":[0,0],"1":[0,0],"2":[0,0],"3":[0,0],"4":[0,0]},"_coverageSchema":"43e27e138ebf9cfc5966b082cf9a028302ed4184","hash":"1a22802c30b68e1ad9d09ba34e60584023a48e6b"}
,"/Users/luijo/Development/interviews/Nielsen/takehome/server/controllers/dataValidationControllers.js": {"path":"/Users/luijo/Development/interviews/Nielsen/takehome/server/controllers/dataValidationControllers.js","statementMap":{"0":{"start":{"line":1,"column":0},"end":{"line":104,"column":2}},"1":{"start":{"line":3,"column":19},"end":{"line":3,"column":29}},"2":{"start":{"line":4,"column":35},"end":{"line":4,"column":43}},"3":{"start":{"line":5,"column":4},"end":{"line":14,"column":6}},"4":{"start":{"line":15,"column":4},"end":{"line":15,"column":11}},"5":{"start":{"line":19,"column":4},"end":{"line":20,"column":52}},"6":{"start":{"line":20,"column":6},"end":{"line":20,"column":52}},"7":{"start":{"line":21,"column":4},"end":{"line":21,"column":11}},"8":{"start":{"line":25,"column":38},"end":{"line":25,"column":47}},"9":{"start":{"line":27,"column":4},"end":{"line":28,"column":56}},"10":{"start":{"line":28,"column":6},"end":{"line":28,"column":56}},"11":{"start":{"line":29,"column":4},"end":{"line":29,"column":47}},"12":{"start":{"line":30,"column":4},"end":{"line":30,"column":43}},"13":{"start":{"line":31,"column":4},"end":{"line":39,"column":6}},"14":{"start":{"line":40,"column":4},"end":{"line":40,"column":11}},"15":{"start":{"line":44,"column":19},"end":{"line":44,"column":28}},"16":{"start":{"line":45,"column":4},"end":{"line":51,"column":6}},"17":{"start":{"line":52,"column":4},"end":{"line":52,"column":11}},"18":{"start":{"line":55,"column":23},"end":{"line":55,"column":40}},"19":{"start":{"line":56,"column":4},"end":{"line":59,"column":63}},"20":{"start":{"line":57,"column":6},"end":{"line":57,"column":65}},"21":{"start":{"line":58,"column":9},"end":{"line":59,"column":63}},"22":{"start":{"line":59,"column":6},"end":{"line":59,"column":63}},"23":{"start":{"line":60,"column":19},"end":{"line":60,"column":28}},"24":{"start":{"line":61,"column":25},"end":{"line":61,"column":33}},"25":{"start":{"line":62,"column":4},"end":{"line":66,"column":6}},"26":{"start":{"line":67,"column":4},"end":{"line":67,"column":11}},"27":{"start":{"line":70,"column":23},"end":{"line":70,"column":40}},"28":{"start":{"line":71,"column":4},"end":{"line":74,"column":63}},"29":{"start":{"line":72,"column":6},"end":{"line":72,"column":65}},"30":{"start":{"line":73,"column":9},"end":{"line":74,"column":63}},"31":{"start":{"line":74,"column":6},"end":{"line":74,"column":63}},"32":{"start":{"line":75,"column":23},"end":{"line":75,"column":57}},"33":{"start":{"line":76,"column":4},"end":{"line":80,"column":6}},"34":{"start":{"line":81,"column":4},"end":{"line":81,"column":11}},"35":{"start":{"line":84,"column":19},"end":{"line":84,"column":28}},"36":{"start":{"line":86,"column":54},"end":{"line":86,"column":62}},"37":{"start":{"line":87,"column":4},"end":{"line":101,"column":6}},"38":{"start":{"line":102,"column":4},"end":{"line":102,"column":11}}},"fnMap":{"0":{"name":"(anonymous_0)","decl":{"start":{"line":2,"column":32},"end":{"line":2,"column":33}},"loc":{"start":{"line":2,"column":52},"end":{"line":16,"column":3}},"line":2},"1":{"name":"(anonymous_1)","decl":{"start":{"line":18,"column":16},"end":{"line":18,"column":17}},"loc":{"start":{"line":18,"column":36},"end":{"line":22,"column":3}},"line":18},"2":{"name":"(anonymous_2)","decl":{"start":{"line":24,"column":17},"end":{"line":24,"column":18}},"loc":{"start":{"line":24,"column":37},"end":{"line":41,"column":3}},"line":24},"3":{"name":"(anonymous_3)","decl":{"start":{"line":43,"column":24},"end":{"line":43,"column":25}},"loc":{"start":{"line":43,"column":44},"end":{"line":53,"column":3}},"line":43},"4":{"name":"(anonymous_4)","decl":{"start":{"line":54,"column":16},"end":{"line":54,"column":17}},"loc":{"start":{"line":54,"column":36},"end":{"line":68,"column":3}},"line":54},"5":{"name":"(anonymous_5)","decl":{"start":{"line":69,"column":18},"end":{"line":69,"column":19}},"loc":{"start":{"line":69,"column":38},"end":{"line":82,"column":3}},"line":69},"6":{"name":"(anonymous_6)","decl":{"start":{"line":83,"column":19},"end":{"line":83,"column":20}},"loc":{"start":{"line":83,"column":39},"end":{"line":103,"column":3}},"line":83}},"branchMap":{"0":{"loc":{"start":{"line":19,"column":4},"end":{"line":20,"column":52}},"type":"if","locations":[{"start":{"line":19,"column":4},"end":{"line":20,"column":52}},{"start":{"line":19,"column":4},"end":{"line":20,"column":52}}],"line":19},"1":{"loc":{"start":{"line":27,"column":4},"end":{"line":28,"column":56}},"type":"if","locations":[{"start":{"line":27,"column":4},"end":{"line":28,"column":56}},{"start":{"line":27,"column":4},"end":{"line":28,"column":56}}],"line":27},"2":{"loc":{"start":{"line":27,"column":8},"end":{"line":27,"column":70}},"type":"binary-expr","locations":[{"start":{"line":27,"column":8},"end":{"line":27,"column":26}},{"start":{"line":27,"column":30},"end":{"line":27,"column":46}},{"start":{"line":27,"column":50},"end":{"line":27,"column":70}}],"line":27},"3":{"loc":{"start":{"line":56,"column":4},"end":{"line":59,"column":63}},"type":"if","locations":[{"start":{"line":56,"column":4},"end":{"line":59,"column":63}},{"start":{"line":56,"column":4},"end":{"line":59,"column":63}}],"line":56},"4":{"loc":{"start":{"line":58,"column":9},"end":{"line":59,"column":63}},"type":"if","locations":[{"start":{"line":58,"column":9},"end":{"line":59,"column":63}},{"start":{"line":58,"column":9},"end":{"line":59,"column":63}}],"line":58},"5":{"loc":{"start":{"line":71,"column":4},"end":{"line":74,"column":63}},"type":"if","locations":[{"start":{"line":71,"column":4},"end":{"line":74,"column":63}},{"start":{"line":71,"column":4},"end":{"line":74,"column":63}}],"line":71},"6":{"loc":{"start":{"line":73,"column":9},"end":{"line":74,"column":63}},"type":"if","locations":[{"start":{"line":73,"column":9},"end":{"line":74,"column":63}},{"start":{"line":73,"column":9},"end":{"line":74,"column":63}}],"line":73}},"s":{"0":1,"1":0,"2":0,"3":0,"4":0,"5":0,"6":0,"7":0,"8":0,"9":0,"10":0,"11":0,"12":0,"13":0,"14":0,"15":0,"16":0,"17":0,"18":0,"19":0,"20":0,"21":0,"22":0,"23":0,"24":0,"25":0,"26":0,"27":0,"28":0,"29":0,"30":0,"31":0,"32":0,"33":0,"34":0,"35":0,"36":0,"37":0,"38":0},"f":{"0":0,"1":0,"2":0,"3":0,"4":0,"5":0,"6":0},"b":{"0":[0,0],"1":[0,0],"2":[0,0,0],"3":[0,0],"4":[0,0],"5":[0,0],"6":[0,0]},"_coverageSchema":"43e27e138ebf9cfc5966b082cf9a028302ed4184","hash":"a82e175d0f97065b555b9dd62eadc2d009b221aa"}
,"/Users/luijo/Development/interviews/Nielsen/takehome/server/controllers/driversContoller.js": {"path":"/Users/luijo/Development/interviews/Nielsen/takehome/server/controllers/driversContoller.js","statementMap":{"0":{"start":{"line":1,"column":13},"end":{"line":1,"column":39}},"1":{"start":{"line":6,"column":4},"end":{"line":6,"column":40}},"2":{"start":{"line":8,"column":0},"end":{"line":87,"column":2}},"3":{"start":{"line":10,"column":4},"end":{"line":10,"column":47}},"4":{"start":{"line":11,"column":19},"end":{"line":11,"column":28}},"5":{"start":{"line":12,"column":18},"end":{"line":12,"column":66}},"6":{"start":{"line":13,"column":4},"end":{"line":26,"column":7}},"7":{"start":{"line":14,"column":6},"end":{"line":17,"column":7}},"8":{"start":{"line":15,"column":8},"end":{"line":15,"column":54}},"9":{"start":{"line":16,"column":8},"end":{"line":16,"column":43}},"10":{"start":{"line":18,"column":6},"end":{"line":25,"column":7}},"11":{"start":{"line":19,"column":8},"end":{"line":19,"column":26}},"12":{"start":{"line":20,"column":8},"end":{"line":20,"column":43}},"13":{"start":{"line":21,"column":8},"end":{"line":21,"column":15}},"14":{"start":{"line":23,"column":8},"end":{"line":23,"column":50}},"15":{"start":{"line":24,"column":8},"end":{"line":24,"column":53}},"16":{"start":{"line":30,"column":4},"end":{"line":30,"column":48}},"17":{"start":{"line":32,"column":61},"end":{"line":32,"column":69}},"18":{"start":{"line":33,"column":30},"end":{"line":36,"column":5}},"19":{"start":{"line":37,"column":4},"end":{"line":37,"column":31}},"20":{"start":{"line":38,"column":4},"end":{"line":45,"column":7}},"21":{"start":{"line":39,"column":6},"end":{"line":42,"column":7}},"22":{"start":{"line":40,"column":8},"end":{"line":40,"column":64}},"23":{"start":{"line":41,"column":8},"end":{"line":41,"column":43}},"24":{"start":{"line":43,"column":6},"end":{"line":43,"column":31}},"25":{"start":{"line":44,"column":6},"end":{"line":44,"column":47}},"26":{"start":{"line":49,"column":4},"end":{"line":49,"column":48}},"27":{"start":{"line":51,"column":19},"end":{"line":51,"column":28}},"28":{"start":{"line":52,"column":61},"end":{"line":52,"column":69}},"29":{"start":{"line":53,"column":30},"end":{"line":63,"column":5}},"30":{"start":{"line":64,"column":4},"end":{"line":70,"column":7}},"31":{"start":{"line":65,"column":6},"end":{"line":68,"column":7}},"32":{"start":{"line":66,"column":8},"end":{"line":66,"column":64}},"33":{"start":{"line":67,"column":8},"end":{"line":67,"column":43}},"34":{"start":{"line":69,"column":6},"end":{"line":69,"column":45}},"35":{"start":{"line":74,"column":4},"end":{"line":74,"column":48}},"36":{"start":{"line":76,"column":19},"end":{"line":76,"column":28}},"37":{"start":{"line":77,"column":18},"end":{"line":77,"column":64}},"38":{"start":{"line":78,"column":4},"end":{"line":85,"column":7}},"39":{"start":{"line":79,"column":6},"end":{"line":82,"column":7}},"40":{"start":{"line":80,"column":8},"end":{"line":80,"column":64}},"41":{"start":{"line":81,"column":8},"end":{"line":81,"column":43}},"42":{"start":{"line":83,"column":6},"end":{"line":83,"column":54}},"43":{"start":{"line":84,"column":6},"end":{"line":84,"column":45}}},"fnMap":{"0":{"name":"(anonymous_0)","decl":{"start":{"line":9,"column":14},"end":{"line":9,"column":15}},"loc":{"start":{"line":9,"column":28},"end":{"line":27,"column":3}},"line":9},"1":{"name":"(anonymous_1)","decl":{"start":{"line":13,"column":22},"end":{"line":13,"column":23}},"loc":{"start":{"line":13,"column":41},"end":{"line":26,"column":5}},"line":13},"2":{"name":"(anonymous_2)","decl":{"start":{"line":29,"column":16},"end":{"line":29,"column":17}},"loc":{"start":{"line":29,"column":30},"end":{"line":46,"column":3}},"line":29},"3":{"name":"(anonymous_3)","decl":{"start":{"line":38,"column":30},"end":{"line":38,"column":31}},"loc":{"start":{"line":38,"column":49},"end":{"line":45,"column":5}},"line":38},"4":{"name":"(anonymous_4)","decl":{"start":{"line":48,"column":16},"end":{"line":48,"column":17}},"loc":{"start":{"line":48,"column":30},"end":{"line":71,"column":3}},"line":48},"5":{"name":"(anonymous_5)","decl":{"start":{"line":64,"column":30},"end":{"line":64,"column":31}},"loc":{"start":{"line":64,"column":49},"end":{"line":70,"column":5}},"line":64},"6":{"name":"(anonymous_6)","decl":{"start":{"line":73,"column":16},"end":{"line":73,"column":17}},"loc":{"start":{"line":73,"column":30},"end":{"line":86,"column":3}},"line":73},"7":{"name":"(anonymous_7)","decl":{"start":{"line":78,"column":22},"end":{"line":78,"column":23}},"loc":{"start":{"line":78,"column":43},"end":{"line":85,"column":5}},"line":78}},"branchMap":{"0":{"loc":{"start":{"line":14,"column":6},"end":{"line":17,"column":7}},"type":"if","locations":[{"start":{"line":14,"column":6},"end":{"line":17,"column":7}},{"start":{"line":14,"column":6},"end":{"line":17,"column":7}}],"line":14},"1":{"loc":{"start":{"line":18,"column":6},"end":{"line":25,"column":7}},"type":"if","locations":[{"start":{"line":18,"column":6},"end":{"line":25,"column":7}},{"start":{"line":18,"column":6},"end":{"line":25,"column":7}}],"line":18},"2":{"loc":{"start":{"line":39,"column":6},"end":{"line":42,"column":7}},"type":"if","locations":[{"start":{"line":39,"column":6},"end":{"line":42,"column":7}},{"start":{"line":39,"column":6},"end":{"line":42,"column":7}}],"line":39},"3":{"loc":{"start":{"line":65,"column":6},"end":{"line":68,"column":7}},"type":"if","locations":[{"start":{"line":65,"column":6},"end":{"line":68,"column":7}},{"start":{"line":65,"column":6},"end":{"line":68,"column":7}}],"line":65},"4":{"loc":{"start":{"line":79,"column":6},"end":{"line":82,"column":7}},"type":"if","locations":[{"start":{"line":79,"column":6},"end":{"line":82,"column":7}},{"start":{"line":79,"column":6},"end":{"line":82,"column":7}}],"line":79}},"s":{"0":1,"1":1,"2":1,"3":0,"4":0,"5":0,"6":0,"7":0,"8":0,"9":0,"10":0,"11":0,"12":0,"13":0,"14":0,"15":0,"16":0,"17":0,"18":0,"19":0,"20":0,"21":0,"22":0,"23":0,"24":0,"25":0,"26":0,"27":0,"28":0,"29":0,"30":0,"31":0,"32":0,"33":0,"34":0,"35":0,"36":0,"37":0,"38":0,"39":0,"40":0,"41":0,"42":0,"43":0},"f":{"0":0,"1":0,"2":0,"3":0,"4":0,"5":0,"6":0,"7":0},"b":{"0":[0,0],"1":[0,0],"2":[0,0],"3":[0,0],"4":[0,0]},"_coverageSchema":"43e27e138ebf9cfc5966b082cf9a028302ed4184","hash":"684f60afcaf4e1f355c8a3afa0fd7f628ea871eb"}
,"/Users/luijo/Development/interviews/Nielsen/takehome/server/controllers/usersController.js": {"path":"/Users/luijo/Development/interviews/Nielsen/takehome/server/controllers/usersController.js","statementMap":{"0":{"start":{"line":1,"column":13},"end":{"line":1,"column":39}},"1":{"start":{"line":5,"column":4},"end":{"line":5,"column":40}},"2":{"start":{"line":7,"column":0},"end":{"line":84,"column":2}},"3":{"start":{"line":9,"column":4},"end":{"line":9,"column":45}},"4":{"start":{"line":10,"column":19},"end":{"line":10,"column":28}},"5":{"start":{"line":11,"column":18},"end":{"line":11,"column":62}},"6":{"start":{"line":12,"column":4},"end":{"line":24,"column":7}},"7":{"start":{"line":13,"column":6},"end":{"line":16,"column":7}},"8":{"start":{"line":14,"column":8},"end":{"line":14,"column":53}},"9":{"start":{"line":15,"column":8},"end":{"line":15,"column":43}},"10":{"start":{"line":17,"column":6},"end":{"line":23,"column":7}},"11":{"start":{"line":18,"column":8},"end":{"line":18,"column":26}},"12":{"start":{"line":19,"column":8},"end":{"line":19,"column":42}},"13":{"start":{"line":21,"column":8},"end":{"line":21,"column":50}},"14":{"start":{"line":22,"column":8},"end":{"line":22,"column":53}},"15":{"start":{"line":28,"column":4},"end":{"line":28,"column":46}},"16":{"start":{"line":30,"column":45},"end":{"line":30,"column":53}},"17":{"start":{"line":31,"column":30},"end":{"line":34,"column":5}},"18":{"start":{"line":35,"column":4},"end":{"line":35,"column":31}},"19":{"start":{"line":36,"column":4},"end":{"line":43,"column":7}},"20":{"start":{"line":37,"column":6},"end":{"line":40,"column":7}},"21":{"start":{"line":38,"column":8},"end":{"line":38,"column":62}},"22":{"start":{"line":39,"column":8},"end":{"line":39,"column":43}},"23":{"start":{"line":41,"column":6},"end":{"line":41,"column":31}},"24":{"start":{"line":42,"column":6},"end":{"line":42,"column":47}},"25":{"start":{"line":47,"column":4},"end":{"line":47,"column":46}},"26":{"start":{"line":49,"column":19},"end":{"line":49,"column":28}},"27":{"start":{"line":50,"column":45},"end":{"line":50,"column":53}},"28":{"start":{"line":51,"column":30},"end":{"line":60,"column":5}},"29":{"start":{"line":61,"column":4},"end":{"line":67,"column":7}},"30":{"start":{"line":62,"column":6},"end":{"line":65,"column":7}},"31":{"start":{"line":63,"column":8},"end":{"line":63,"column":62}},"32":{"start":{"line":64,"column":8},"end":{"line":64,"column":43}},"33":{"start":{"line":66,"column":6},"end":{"line":66,"column":40}},"34":{"start":{"line":71,"column":4},"end":{"line":71,"column":46}},"35":{"start":{"line":73,"column":19},"end":{"line":73,"column":28}},"36":{"start":{"line":74,"column":18},"end":{"line":74,"column":60}},"37":{"start":{"line":75,"column":4},"end":{"line":82,"column":7}},"38":{"start":{"line":76,"column":6},"end":{"line":79,"column":7}},"39":{"start":{"line":77,"column":8},"end":{"line":77,"column":62}},"40":{"start":{"line":78,"column":8},"end":{"line":78,"column":43}},"41":{"start":{"line":80,"column":6},"end":{"line":80,"column":54}},"42":{"start":{"line":81,"column":6},"end":{"line":81,"column":45}}},"fnMap":{"0":{"name":"(anonymous_0)","decl":{"start":{"line":8,"column":12},"end":{"line":8,"column":13}},"loc":{"start":{"line":8,"column":26},"end":{"line":25,"column":3}},"line":8},"1":{"name":"(anonymous_1)","decl":{"start":{"line":12,"column":22},"end":{"line":12,"column":23}},"loc":{"start":{"line":12,"column":43},"end":{"line":24,"column":5}},"line":12},"2":{"name":"(anonymous_2)","decl":{"start":{"line":27,"column":14},"end":{"line":27,"column":15}},"loc":{"start":{"line":27,"column":28},"end":{"line":44,"column":3}},"line":27},"3":{"name":"(anonymous_3)","decl":{"start":{"line":36,"column":30},"end":{"line":36,"column":31}},"loc":{"start":{"line":36,"column":49},"end":{"line":43,"column":5}},"line":36},"4":{"name":"(anonymous_4)","decl":{"start":{"line":46,"column":14},"end":{"line":46,"column":15}},"loc":{"start":{"line":46,"column":28},"end":{"line":68,"column":3}},"line":46},"5":{"name":"(anonymous_5)","decl":{"start":{"line":61,"column":30},"end":{"line":61,"column":31}},"loc":{"start":{"line":61,"column":51},"end":{"line":67,"column":5}},"line":61},"6":{"name":"(anonymous_6)","decl":{"start":{"line":70,"column":14},"end":{"line":70,"column":15}},"loc":{"start":{"line":70,"column":28},"end":{"line":83,"column":3}},"line":70},"7":{"name":"(anonymous_7)","decl":{"start":{"line":75,"column":22},"end":{"line":75,"column":23}},"loc":{"start":{"line":75,"column":43},"end":{"line":82,"column":5}},"line":75}},"branchMap":{"0":{"loc":{"start":{"line":13,"column":6},"end":{"line":16,"column":7}},"type":"if","locations":[{"start":{"line":13,"column":6},"end":{"line":16,"column":7}},{"start":{"line":13,"column":6},"end":{"line":16,"column":7}}],"line":13},"1":{"loc":{"start":{"line":17,"column":6},"end":{"line":23,"column":7}},"type":"if","locations":[{"start":{"line":17,"column":6},"end":{"line":23,"column":7}},{"start":{"line":17,"column":6},"end":{"line":23,"column":7}}],"line":17},"2":{"loc":{"start":{"line":37,"column":6},"end":{"line":40,"column":7}},"type":"if","locations":[{"start":{"line":37,"column":6},"end":{"line":40,"column":7}},{"start":{"line":37,"column":6},"end":{"line":40,"column":7}}],"line":37},"3":{"loc":{"start":{"line":62,"column":6},"end":{"line":65,"column":7}},"type":"if","locations":[{"start":{"line":62,"column":6},"end":{"line":65,"column":7}},{"start":{"line":62,"column":6},"end":{"line":65,"column":7}}],"line":62},"4":{"loc":{"start":{"line":76,"column":6},"end":{"line":79,"column":7}},"type":"if","locations":[{"start":{"line":76,"column":6},"end":{"line":79,"column":7}},{"start":{"line":76,"column":6},"end":{"line":79,"column":7}}],"line":76}},"s":{"0":1,"1":1,"2":1,"3":0,"4":0,"5":0,"6":0,"7":0,"8":0,"9":0,"10":0,"11":0,"12":0,"13":0,"14":0,"15":0,"16":0,"17":0,"18":0,"19":0,"20":0,"21":0,"22":0,"23":0,"24":0,"25":0,"26":0,"27":0,"28":0,"29":0,"30":0,"31":0,"32":0,"33":0,"34":0,"35":0,"36":0,"37":0,"38":0,"39":0,"40":0,"41":0,"42":0},"f":{"0":0,"1":0,"2":0,"3":0,"4":0,"5":0,"6":0,"7":0},"b":{"0":[0,0],"1":[0,0],"2":[0,0],"3":[0,0],"4":[0,0]},"_coverageSchema":"43e27e138ebf9cfc5966b082cf9a028302ed4184","hash":"6f2a7820fa018fd79cebad6400729ab5d836ed8f"}
,"/Users/luijo/Development/interviews/Nielsen/takehome/server/models/mockData.js": {"path":"/Users/luijo/Development/interviews/Nielsen/takehome/server/models/mockData.js","statementMap":{"0":{"start":{"line":1,"column":0},"end":{"line":142,"column":2}}},"fnMap":{},"branchMap":{},"s":{"0":1},"f":{},"b":{},"_coverageSchema":"43e27e138ebf9cfc5966b082cf9a028302ed4184","hash":"13de12e14285a025ccc34045f98fa722a5256d9c"}
,"/Users/luijo/Development/interviews/Nielsen/takehome/server/models/model.js": {"path":"/Users/luijo/Development/interviews/Nielsen/takehome/server/models/model.js","statementMap":{"0":{"start":{"line":1,"column":17},"end":{"line":1,"column":30}},"1":{"start":{"line":2,"column":17},"end":{"line":2,"column":38}},"2":{"start":{"line":3,"column":41},"end":{"line":3,"column":61}},"3":{"start":{"line":7,"column":13},"end":{"line":9,"column":2}},"4":{"start":{"line":14,"column":0},"end":{"line":118,"column":3}},"5":{"start":{"line":15,"column":2},"end":{"line":117,"column":3}},"6":{"start":{"line":15,"column":11},"end":{"line":15,"column":64}},"7":{"start":{"line":17,"column":20},"end":{"line":17,"column":22}},"8":{"start":{"line":18,"column":4},"end":{"line":41,"column":5}},"9":{"start":{"line":19,"column":6},"end":{"line":40,"column":8}},"10":{"start":{"line":42,"column":4},"end":{"line":99,"column":6}},"11":{"start":{"line":100,"column":4},"end":{"line":105,"column":5}},"12":{"start":{"line":101,"column":6},"end":{"line":103,"column":7}},"13":{"start":{"line":102,"column":8},"end":{"line":102,"column":33}},"14":{"start":{"line":104,"column":6},"end":{"line":104,"column":53}},"15":{"start":{"line":106,"column":4},"end":{"line":115,"column":5}},"16":{"start":{"line":107,"column":6},"end":{"line":114,"column":9}},"17":{"start":{"line":108,"column":8},"end":{"line":112,"column":9}},"18":{"start":{"line":109,"column":10},"end":{"line":109,"column":70}},"19":{"start":{"line":110,"column":10},"end":{"line":110,"column":17}},"20":{"start":{"line":111,"column":10},"end":{"line":111,"column":17}},"21":{"start":{"line":113,"column":8},"end":{"line":113,"column":50}},"22":{"start":{"line":116,"column":4},"end":{"line":116,"column":11}},"23":{"start":{"line":120,"column":0},"end":{"line":120,"column":22}}},"fnMap":{"0":{"name":"(anonymous_0)","decl":{"start":{"line":14,"column":13},"end":{"line":14,"column":14}},"loc":{"start":{"line":14,"column":36},"end":{"line":118,"column":1}},"line":14},"1":{"name":"(anonymous_1)","decl":{"start":{"line":107,"column":29},"end":{"line":107,"column":30}},"loc":{"start":{"line":107,"column":46},"end":{"line":114,"column":7}},"line":107}},"branchMap":{"0":{"loc":{"start":{"line":15,"column":2},"end":{"line":117,"column":3}},"type":"if","locations":[{"start":{"line":15,"column":2},"end":{"line":117,"column":3}},{"start":{"line":15,"column":2},"end":{"line":117,"column":3}}],"line":15},"1":{"loc":{"start":{"line":18,"column":4},"end":{"line":41,"column":5}},"type":"if","locations":[{"start":{"line":18,"column":4},"end":{"line":41,"column":5}},{"start":{"line":18,"column":4},"end":{"line":41,"column":5}}],"line":18},"2":{"loc":{"start":{"line":100,"column":4},"end":{"line":105,"column":5}},"type":"if","locations":[{"start":{"line":100,"column":4},"end":{"line":105,"column":5}},{"start":{"line":100,"column":4},"end":{"line":105,"column":5}}],"line":100},"3":{"loc":{"start":{"line":108,"column":8},"end":{"line":112,"column":9}},"type":"if","locations":[{"start":{"line":108,"column":8},"end":{"line":112,"column":9}},{"start":{"line":108,"column":8},"end":{"line":112,"column":9}}],"line":108}},"s":{"0":1,"1":1,"2":1,"3":1,"4":1,"5":0,"6":0,"7":0,"8":0,"9":0,"10":0,"11":0,"12":0,"13":0,"14":0,"15":0,"16":0,"17":0,"18":0,"19":0,"20":0,"21":0,"22":0,"23":1},"f":{"0":0,"1":0},"b":{"0":[0,0],"1":[0,0],"2":[0,0],"3":[0,0]},"_coverageSchema":"43e27e138ebf9cfc5966b082cf9a028302ed4184","hash":"3ae7ded41f22c463ec6aa0a0cd417f097ef224c2"}
,"/Users/luijo/Development/interviews/Nielsen/takehome/server/routes/appointments.js": {"path":"/Users/luijo/Development/interviews/Nielsen/takehome/server/routes/appointments.js","statementMap":{"0":{"start":{"line":1,"column":27},"end":{"line":1,"column":54}},"1":{"start":{"line":10,"column":4},"end":{"line":10,"column":55}},"2":{"start":{"line":16,"column":4},"end":{"line":16,"column":52}},"3":{"start":{"line":17,"column":23},"end":{"line":17,"column":65}},"4":{"start":{"line":19,"column":20},"end":{"line":19,"column":54}},"5":{"start":{"line":21,"column":0},"end":{"line":28,"column":2}},"6":{"start":{"line":26,"column":4},"end":{"line":26,"column":51}},"7":{"start":{"line":29,"column":0},"end":{"line":36,"column":2}},"8":{"start":{"line":34,"column":4},"end":{"line":34,"column":51}},"9":{"start":{"line":37,"column":0},"end":{"line":43,"column":2}},"10":{"start":{"line":44,"column":0},"end":{"line":51,"column":2}},"11":{"start":{"line":52,"column":0},"end":{"line":58,"column":2}},"12":{"start":{"line":59,"column":0},"end":{"line":59,"column":66}},"13":{"start":{"line":60,"column":0},"end":{"line":60,"column":50}},"14":{"start":{"line":62,"column":0},"end":{"line":62,"column":36}}},"fnMap":{"0":{"name":"(anonymous_0)","decl":{"start":{"line":25,"column":2},"end":{"line":25,"column":3}},"loc":{"start":{"line":25,"column":16},"end":{"line":27,"column":3}},"line":25},"1":{"name":"(anonymous_1)","decl":{"start":{"line":33,"column":2},"end":{"line":33,"column":3}},"loc":{"start":{"line":33,"column":16},"end":{"line":35,"column":3}},"line":33}},"branchMap":{},"s":{"0":1,"1":1,"2":1,"3":1,"4":1,"5":1,"6":0,"7":1,"8":0,"9":1,"10":1,"11":1,"12":1,"13":1,"14":1},"f":{"0":0,"1":0},"b":{},"_coverageSchema":"43e27e138ebf9cfc5966b082cf9a028302ed4184","hash":"82bd2c0e7e54de4e2f7cd0c8e1cd6326b0b9eca5"}
,"/Users/luijo/Development/interviews/Nielsen/takehome/server/routes/cars.js": {"path":"/Users/luijo/Development/interviews/Nielsen/takehome/server/routes/cars.js","statementMap":{"0":{"start":{"line":1,"column":16},"end":{"line":1,"column":34}},"1":{"start":{"line":7,"column":4},"end":{"line":7,"column":44}},"2":{"start":{"line":9,"column":19},"end":{"line":9,"column":35}},"3":{"start":{"line":11,"column":0},"end":{"line":11,"column":29}},"4":{"start":{"line":12,"column":0},"end":{"line":12,"column":32}},"5":{"start":{"line":13,"column":0},"end":{"line":13,"column":33}},"6":{"start":{"line":14,"column":0},"end":{"line":14,"column":34}},"7":{"start":{"line":16,"column":0},"end":{"line":16,"column":28}}},"fnMap":{},"branchMap":{},"s":{"0":1,"1":1,"2":1,"3":1,"4":1,"5":1,"6":1,"7":1},"f":{},"b":{},"_coverageSchema":"43e27e138ebf9cfc5966b082cf9a028302ed4184","hash":"0240f1d160bf9920eaeaf44dc555e355adb535f5"}
,"/Users/luijo/Development/interviews/Nielsen/takehome/server/routes/drivers.js": {"path":"/Users/luijo/Development/interviews/Nielsen/takehome/server/routes/drivers.js","statementMap":{"0":{"start":{"line":1,"column":16},"end":{"line":1,"column":34}},"1":{"start":{"line":7,"column":4},"end":{"line":7,"column":46}},"2":{"start":{"line":9,"column":22},"end":{"line":9,"column":38}},"3":{"start":{"line":11,"column":0},"end":{"line":13,"column":3}},"4":{"start":{"line":12,"column":2},"end":{"line":12,"column":49}},"5":{"start":{"line":14,"column":0},"end":{"line":14,"column":38}},"6":{"start":{"line":15,"column":0},"end":{"line":15,"column":39}},"7":{"start":{"line":16,"column":0},"end":{"line":16,"column":40}},"8":{"start":{"line":18,"column":0},"end":{"line":18,"column":31}}},"fnMap":{"0":{"name":"(anonymous_0)","decl":{"start":{"line":11,"column":35},"end":{"line":11,"column":36}},"loc":{"start":{"line":11,"column":49},"end":{"line":13,"column":1}},"line":11}},"branchMap":{},"s":{"0":1,"1":1,"2":1,"3":1,"4":0,"5":1,"6":1,"7":1,"8":1},"f":{"0":0},"b":{},"_coverageSchema":"43e27e138ebf9cfc5966b082cf9a028302ed4184","hash":"d08d038d8bd7fba1cb9e23ab98450db7dd54ed56"}
,"/Users/luijo/Development/interviews/Nielsen/takehome/server/routes/users.js": {"path":"/Users/luijo/Development/interviews/Nielsen/takehome/server/routes/users.js","statementMap":{"0":{"start":{"line":1,"column":16},"end":{"line":1,"column":34}},"1":{"start":{"line":7,"column":4},"end":{"line":7,"column":45}},"2":{"start":{"line":9,"column":20},"end":{"line":9,"column":36}},"3":{"start":{"line":11,"column":0},"end":{"line":11,"column":31}},"4":{"start":{"line":12,"column":0},"end":{"line":12,"column":34}},"5":{"start":{"line":13,"column":0},"end":{"line":13,"column":35}},"6":{"start":{"line":14,"column":0},"end":{"line":14,"column":36}},"7":{"start":{"line":16,"column":0},"end":{"line":16,"column":29}}},"fnMap":{},"branchMap":{},"s":{"0":1,"1":1,"2":1,"3":1,"4":1,"5":1,"6":1,"7":1},"f":{},"b":{},"_coverageSchema":"43e27e138ebf9cfc5966b082cf9a028302ed4184","hash":"fea70e1d0b4c6c6202a2b9b9211d24c7398b78a0"}
,"/Users/luijo/Development/interviews/Nielsen/takehome/server/services/rateService.js": {"path":"/Users/luijo/Development/interviews/Nielsen/takehome/server/services/rateService.js","statementMap":{"0":{"start":{"line":1,"column":0},"end":{"line":26,"column":2}},"1":{"start":{"line":3,"column":20},"end":{"line":3,"column":39}},"2":{"start":{"line":4,"column":24},"end":{"line":4,"column":43}},"3":{"start":{"line":5,"column":23},"end":{"line":5,"column":33}},"4":{"start":{"line":6,"column":25},"end":{"line":6,"column":42}},"5":{"start":{"line":7,"column":19},"end":{"line":7,"column":29}},"6":{"start":{"line":10,"column":4},"end":{"line":10,"column":75}},"7":{"start":{"line":10,"column":32},"end":{"line":10,"column":75}},"8":{"start":{"line":11,"column":4},"end":{"line":13,"column":31}},"9":{"start":{"line":14,"column":4},"end":{"line":14,"column":34}},"10":{"start":{"line":15,"column":4},"end":{"line":15,"column":38}},"11":{"start":{"line":16,"column":4},"end":{"line":23,"column":6}},"12":{"start":{"line":24,"column":4},"end":{"line":24,"column":11}}},"fnMap":{"0":{"name":"(anonymous_0)","decl":{"start":{"line":2,"column":11},"end":{"line":2,"column":12}},"loc":{"start":{"line":2,"column":31},"end":{"line":25,"column":3}},"line":2}},"branchMap":{"0":{"loc":{"start":{"line":10,"column":4},"end":{"line":10,"column":75}},"type":"if","locations":[{"start":{"line":10,"column":4},"end":{"line":10,"column":75}},{"start":{"line":10,"column":4},"end":{"line":10,"column":75}}],"line":10}},"s":{"0":1,"1":0,"2":0,"3":0,"4":0,"5":0,"6":0,"7":0,"8":0,"9":0,"10":0,"11":0,"12":0},"f":{"0":0},"b":{"0":[0,0]},"_coverageSchema":"43e27e138ebf9cfc5966b082cf9a028302ed4184","hash":"ede1ae2e2b4d690619ab2636fdc7a107ddcd73d7"}
,"/Users/luijo/Development/interviews/Nielsen/takehome/server/utilities/queryBuilder.js": {"path":"/Users/luijo/Development/interviews/Nielsen/takehome/server/utilities/queryBuilder.js","statementMap":{"0":{"start":{"line":1,"column":0},"end":{"line":87,"column":2}},"1":{"start":{"line":4,"column":17},"end":{"line":4,"column":19}},"2":{"start":{"line":5,"column":19},"end":{"line":5,"column":21}},"3":{"start":{"line":6,"column":29},"end":{"line":6,"column":31}},"4":{"start":{"line":7,"column":4},"end":{"line":13,"column":5}},"5":{"start":{"line":8,"column":6},"end":{"line":12,"column":7}},"6":{"start":{"line":9,"column":8},"end":{"line":9,"column":26}},"7":{"start":{"line":10,"column":8},"end":{"line":10,"column":37}},"8":{"start":{"line":11,"column":8},"end":{"line":11,"column":51}},"9":{"start":{"line":14,"column":4},"end":{"line":19,"column":6}},"10":{"start":{"line":23,"column":17},"end":{"line":23,"column":19}},"11":{"start":{"line":24,"column":19},"end":{"line":24,"column":21}},"12":{"start":{"line":25,"column":4},"end":{"line":30,"column":5}},"13":{"start":{"line":26,"column":6},"end":{"line":29,"column":7}},"14":{"start":{"line":27,"column":8},"end":{"line":27,"column":51}},"15":{"start":{"line":28,"column":8},"end":{"line":28,"column":37}},"16":{"start":{"line":31,"column":4},"end":{"line":36,"column":6}},"17":{"start":{"line":50,"column":16},"end":{"line":50,"column":18}},"18":{"start":{"line":51,"column":4},"end":{"line":84,"column":5}},"19":{"start":{"line":53,"column":8},"end":{"line":53,"column":31}},"20":{"start":{"line":53,"column":25},"end":{"line":53,"column":31}},"21":{"start":{"line":54,"column":8},"end":{"line":54,"column":48}},"22":{"start":{"line":55,"column":8},"end":{"line":73,"column":9}},"23":{"start":{"line":61,"column":10},"end":{"line":61,"column":60}},"24":{"start":{"line":62,"column":13},"end":{"line":73,"column":9}},"25":{"start":{"line":68,"column":10},"end":{"line":68,"column":28}},"26":{"start":{"line":69,"column":10},"end":{"line":72,"column":11}},"27":{"start":{"line":70,"column":12},"end":{"line":70,"column":45}},"28":{"start":{"line":71,"column":12},"end":{"line":71,"column":71}},"29":{"start":{"line":74,"column":8},"end":{"line":74,"column":21}},"30":{"start":{"line":75,"column":8},"end":{"line":75,"column":14}},"31":{"start":{"line":78,"column":8},"end":{"line":78,"column":76}},"32":{"start":{"line":78,"column":70},"end":{"line":78,"column":76}},"33":{"start":{"line":79,"column":8},"end":{"line":79,"column":96}},"34":{"start":{"line":80,"column":8},"end":{"line":80,"column":52}},"35":{"start":{"line":80,"column":20},"end":{"line":80,"column":52}},"36":{"start":{"line":81,"column":8},"end":{"line":81,"column":40}},"37":{"start":{"line":81,"column":19},"end":{"line":81,"column":40}},"38":{"start":{"line":82,"column":8},"end":{"line":82,"column":21}},"39":{"start":{"line":83,"column":8},"end":{"line":83,"column":14}},"40":{"start":{"line":85,"column":4},"end":{"line":85,"column":17}}},"fnMap":{"0":{"name":"(anonymous_0)","decl":{"start":{"line":2,"column":20},"end":{"line":2,"column":21}},"loc":{"start":{"line":2,"column":45},"end":{"line":20,"column":3}},"line":2},"1":{"name":"(anonymous_1)","decl":{"start":{"line":22,"column":20},"end":{"line":22,"column":21}},"loc":{"start":{"line":22,"column":74},"end":{"line":37,"column":3}},"line":22},"2":{"name":"(anonymous_2)","decl":{"start":{"line":39,"column":20},"end":{"line":39,"column":21}},"loc":{"start":{"line":49,"column":8},"end":{"line":86,"column":3}},"line":49}},"branchMap":{"0":{"loc":{"start":{"line":8,"column":6},"end":{"line":12,"column":7}},"type":"if","locations":[{"start":{"line":8,"column":6},"end":{"line":12,"column":7}},{"start":{"line":8,"column":6},"end":{"line":12,"column":7}}],"line":8},"1":{"loc":{"start":{"line":26,"column":6},"end":{"line":29,"column":7}},"type":"if","locations":[{"start":{"line":26,"column":6},"end":{"line":29,"column":7}},{"start":{"line":26,"column":6},"end":{"line":29,"column":7}}],"line":26},"2":{"loc":{"start":{"line":51,"column":4},"end":{"line":84,"column":5}},"type":"switch","locations":[{"start":{"line":52,"column":6},"end":{"line":75,"column":14}},{"start":{"line":77,"column":6},"end":{"line":83,"column":14}}],"line":51},"3":{"loc":{"start":{"line":53,"column":8},"end":{"line":53,"column":31}},"type":"if","locations":[{"start":{"line":53,"column":8},"end":{"line":53,"column":31}},{"start":{"line":53,"column":8},"end":{"line":53,"column":31}}],"line":53},"4":{"loc":{"start":{"line":55,"column":8},"end":{"line":73,"column":9}},"type":"if","locations":[{"start":{"line":55,"column":8},"end":{"line":73,"column":9}},{"start":{"line":55,"column":8},"end":{"line":73,"column":9}}],"line":55},"5":{"loc":{"start":{"line":56,"column":10},"end":{"line":59,"column":42}},"type":"binary-expr","locations":[{"start":{"line":56,"column":10},"end":{"line":56,"column":23}},{"start":{"line":57,"column":10},"end":{"line":57,"column":22}},{"start":{"line":58,"column":10},"end":{"line":58,"column":43}},{"start":{"line":59,"column":10},"end":{"line":59,"column":42}}],"line":56},"6":{"loc":{"start":{"line":62,"column":13},"end":{"line":73,"column":9}},"type":"if","locations":[{"start":{"line":62,"column":13},"end":{"line":73,"column":9}},{"start":{"line":62,"column":13},"end":{"line":73,"column":9}}],"line":62},"7":{"loc":{"start":{"line":63,"column":10},"end":{"line":66,"column":42}},"type":"binary-expr","locations":[{"start":{"line":63,"column":10},"end":{"line":63,"column":23}},{"start":{"line":64,"column":10},"end":{"line":64,"column":22}},{"start":{"line":65,"column":10},"end":{"line":65,"column":43}},{"start":{"line":66,"column":10},"end":{"line":66,"column":42}}],"line":63},"8":{"loc":{"start":{"line":78,"column":8},"end":{"line":78,"column":76}},"type":"if","locations":[{"start":{"line":78,"column":8},"end":{"line":78,"column":76}},{"start":{"line":78,"column":8},"end":{"line":78,"column":76}}],"line":78},"9":{"loc":{"start":{"line":78,"column":12},"end":{"line":78,"column":68}},"type":"binary-expr","locations":[{"start":{"line":78,"column":12},"end":{"line":78,"column":23}},{"start":{"line":78,"column":27},"end":{"line":78,"column":41}},{"start":{"line":78,"column":45},"end":{"line":78,"column":50}},{"start":{"line":78,"column":54},"end":{"line":78,"column":57}},{"start":{"line":78,"column":61},"end":{"line":78,"column":68}}],"line":78},"10":{"loc":{"start":{"line":80,"column":8},"end":{"line":80,"column":52}},"type":"if","locations":[{"start":{"line":80,"column":8},"end":{"line":80,"column":52}},{"start":{"line":80,"column":8},"end":{"line":80,"column":52}}],"line":80},"11":{"loc":{"start":{"line":81,"column":8},"end":{"line":81,"column":40}},"type":"if","locations":[{"start":{"line":81,"column":8},"end":{"line":81,"column":40}},{"start":{"line":81,"column":8},"end":{"line":81,"column":40}}],"line":81}},"s":{"0":1,"1":0,"2":0,"3":0,"4":0,"5":0,"6":0,"7":0,"8":0,"9":0,"10":0,"11":0,"12":0,"13":0,"14":0,"15":0,"16":0,"17":0,"18":0,"19":0,"20":0,"21":0,"22":0,"23":0,"24":0,"25":0,"26":0,"27":0,"28":0,"29":0,"30":0,"31":0,"32":0,"33":0,"34":0,"35":0,"36":0,"37":0,"38":0,"39":0,"40":0},"f":{"0":0,"1":0,"2":0},"b":{"0":[0,0],"1":[0,0],"2":[0,0],"3":[0,0],"4":[0,0],"5":[0,0,0,0],"6":[0,0],"7":[0,0,0,0],"8":[0,0],"9":[0,0,0,0,0],"10":[0,0],"11":[0,0]},"_coverageSchema":"43e27e138ebf9cfc5966b082cf9a028302ed4184","hash":"41aee2db3e889794d763ac23c15ac573bbb31497"}
}
